<?xml version="1.0" encoding="UTF-8"?>
<!-- Generated by org.testng.reporters.JUnitReportReporter -->
<testsuite skipped="0" hostname="DESKTOP-ND5IR8R" name="org.test.DataProviderTest" tests="2" failures="0" timestamp="12 Aug 2022 06:29:31 GMT" time="0.011" errors="0">
  <testcase name="inputEngine" time="0.009" classname="org.test.DataProviderTest"/>
  <testcase name="inputEngine" time="0.002" classname="org.test.DataProviderTest"/>
</testsuite> <!-- org.test.DataProviderTest -->
