<?xml version="1.0" encoding="UTF-8"?>
<!-- Generated by org.testng.reporters.JUnitReportReporter -->
<testsuite skipped="0" hostname="DESKTOP-ND5IR8R" name="org.test.Test" tests="16" failures="0" timestamp="12 Aug 2022 06:23:15 GMT" time="0.044" errors="0">
  <testcase name="m2" time="0.002" classname="org.test.Test"/>
  <testcase name="m7" time="0.002" classname="org.test.Test"/>
  <testcase name="m2" time="0.012" classname="org.test.Test"/>
  <testcase name="m2" time="0.002" classname="org.test.Test"/>
  <testcase name="m2" time="0.002" classname="org.test.Test"/>
  <testcase name="m2" time="0.001" classname="org.test.Test"/>
  <testcase name="m2" time="0.005" classname="org.test.Test"/>
  <testcase name="m2" time="0.002" classname="org.test.Test"/>
  <testcase name="m1" time="0.003" classname="org.test.Test"/>
  <testcase name="m2" time="0.002" classname="org.test.Test"/>
  <testcase name="m2" time="0.001" classname="org.test.Test"/>
  <testcase name="m3" time="0.001" classname="org.test.Test"/>
  <testcase name="m5" time="0.003" classname="org.test.Test"/>
  <testcase name="m2" time="0.002" classname="org.test.Test"/>
  <testcase name="m6" time="0.003" classname="org.test.Test"/>
  <testcase name="m4" time="0.001" classname="org.test.Test"/>
</testsuite> <!-- org.test.Test -->
