<?xml version="1.0" encoding="UTF-8"?>
<!-- Generated by org.testng.reporters.JUnitReportReporter -->
<testsuite skipped="0" hostname="DESKTOP-ND5IR8R" name="org.parallel.ParallelByMethods" tests="3" failures="0" timestamp="12 Aug 2022 07:59:48 GMT" time="5.055" errors="0">
  <testcase name="m1" time="5.019" classname="org.parallel.ParallelByMethods"/>
  <testcase name="m2" time="0.018" classname="org.parallel.ParallelByMethods"/>
  <testcase name="m3" time="0.018" classname="org.parallel.ParallelByMethods"/>
</testsuite> <!-- org.parallel.ParallelByMethods -->
