<?xml version="1.0" encoding="UTF-8"?>
<!-- Generated by org.testng.reporters.JUnitReportReporter -->
<testsuite skipped="0" hostname="DESKTOP-ND5IR8R" name="org.test.Test2" tests="4" failures="0" timestamp="12 Aug 2022 11:44:56 GMT" time="6.069" errors="0">
  <testcase name="m3" time="0.017" classname="org.test.Test2"/>
  <testcase name="m2" time="0.017" classname="org.test.Test2"/>
  <testcase name="m4" time="0.018" classname="org.test.Test2"/>
  <testcase name="m1" time="6.017" classname="org.test.Test2"/>
</testsuite> <!-- org.test.Test2 -->
