<?xml version="1.0" encoding="UTF-8"?>
<!-- Generated by org.testng.reporters.JUnitReportReporter -->
<testsuite skipped="0" hostname="DESKTOP-ND5IR8R" name="org.test.Test1" tests="1" failures="0" timestamp="17 Aug 2022 11:08:50 GMT" time="33.474" errors="0">
  <testcase name="verifydocumentsFunctionality" time="33.474" classname="org.test.Test1"/>
</testsuite> <!-- org.test.Test1 -->
